[01m[K/home/telemaque/Robotics_Lab/ros2_ws/src/ros2_kdl_package/src/ros2_kdl_node.cpp:[m[K In constructor â€˜[01m[KIiwa_pub_sub::Iiwa_pub_sub()[m[Kâ€™:
[01m[K/home/telemaque/Robotics_Lab/ros2_ws/src/ros2_kdl_package/src/ros2_kdl_node.cpp:108:13:[m[K [01;31m[Kerror: [m[Kâ€˜[01m[Ktraj_duration_[m[Kâ€™ was not declared in this scope; did you mean â€˜[01m[Krmw_duration_t[m[Kâ€™?
  108 |             [01;31m[Ktraj_duration_[m[K = this->get_parameter("traj_duration").as_double();
      |             [01;31m[K^~~~~~~~~~~~~~[m[K
      |             [32m[Krmw_duration_t[m[K
[01m[K/home/telemaque/Robotics_Lab/ros2_ws/src/ros2_kdl_package/src/ros2_kdl_node.cpp:109:13:[m[K [01;31m[Kerror: [m[Kâ€˜[01m[Kacc_duration_[m[Kâ€™ was not declared in this scope; did you mean â€˜[01m[Krcl_duration_t[m[Kâ€™?
  109 |             [01;31m[Kacc_duration_[m[K = this->get_parameter("acc_duration").as_double();
      |             [01;31m[K^~~~~~~~~~~~~[m[K
      |             [32m[Krcl_duration_t[m[K
[01m[K/home/telemaque/Robotics_Lab/ros2_ws/src/ros2_kdl_package/src/ros2_kdl_node.cpp:110:13:[m[K [01;31m[Kerror: [m[Kâ€˜[01m[Ktotal_time_[m[Kâ€™ was not declared in this scope
  110 |             [01;31m[Ktotal_time_[m[K = this->get_parameter("total_time").as_double();
      |             [01;31m[K^~~~~~~~~~~[m[K
[01m[K/home/telemaque/Robotics_Lab/ros2_ws/src/ros2_kdl_package/src/ros2_kdl_node.cpp:111:13:[m[K [01;31m[Kerror: [m[Kâ€˜[01m[Ktrajectory_len_[m[Kâ€™ was not declared in this scope; did you mean â€˜[01m[Ktrajectory_point[m[Kâ€™?
  111 |             [01;31m[Ktrajectory_len_[m[K = this->get_parameter("trajectory_len").as_int();
      |             [01;31m[K^~~~~~~~~~~~~~~[m[K
      |             [32m[Ktrajectory_point[m[K
[01m[K/home/telemaque/Robotics_Lab/ros2_ws/src/ros2_kdl_package/src/ros2_kdl_node.cpp:112:13:[m[K [01;31m[Kerror: [m[Kâ€˜[01m[KKp_[m[Kâ€™ was not declared in this scope; did you mean â€˜[01m[Kp_[m[Kâ€™?
  112 |             [01;31m[KKp_[m[K = this->get_parameter("Kp").as_double();
      |             [01;31m[K^~~[m[K
      |             [32m[Kp_[m[K
[01m[K/home/telemaque/Robotics_Lab/ros2_ws/src/ros2_kdl_package/src/ros2_kdl_node.cpp:114:13:[m[K [01;31m[Kerror: [m[Kâ€˜[01m[Kend_position_[m[Kâ€™ was not declared in this scope; did you mean â€˜[01m[Kjoint_positions_[m[Kâ€™?
  114 |             [01;31m[Kend_position_[m[K(0) = this->get_parameter("end_position_x").as_double();
      |             [01;31m[K^~~~~~~~~~~~~[m[K
      |             [32m[Kjoint_positions_[m[K
gmake[2]: *** [CMakeFiles/ros2_kdl_node.dir/build.make:76 : CMakeFiles/ros2_kdl_node.dir/src/ros2_kdl_node.cpp.o] Erreur 1
gmake[1]: *** [CMakeFiles/Makefile2:139 : CMakeFiles/ros2_kdl_node.dir/all] Erreur 2
gmake: *** [Makefile:146 : all] Erreur 2
