In file included from [01m[K/home/telemaque/Robotics_Lab/ros2_ws/src/armando_control/src/joint_position_publisher.cpp:8[m[K:
[01m[K/home/telemaque/Robotics_Lab/ros2_ws/src/armando_control/include/armando_control/joint_position_publisher.hpp:2:[m[K [01;31m[Kerror: [m[Kunterminated #ifndef
    2 | #ifndef ARMANDO_CONTROL__JOINT_POSITION_PUBLISHER_HPP_
      | 
[01m[K/home/telemaque/Robotics_Lab/ros2_ws/src/armando_control/src/joint_position_publisher.cpp:[m[K In constructor â€˜[01m[KJointPositionPublisher::JointPositionPublisher()[m[Kâ€™:
[01m[K/home/telemaque/Robotics_Lab/ros2_ws/src/armando_control/src/joint_position_publisher.cpp:14:39:[m[K [01;31m[Kerror: [m[Kclass â€˜[01m[KJointPositionPublisher[m[Kâ€™ does not have any field named â€˜[01m[Kcount_[m[Kâ€™
   14 |   : Node("joint_position_publisher"), [01;31m[Kcount_[m[K(0)
      |                                       [01;31m[K^~~~~~[m[K
[01m[K/home/telemaque/Robotics_Lab/ros2_ws/src/armando_control/src/joint_position_publisher.cpp:16:3:[m[K [01;31m[Kerror: [m[Kâ€˜[01m[Kpublisher_[m[Kâ€™ was not declared in this scope; did you mean â€˜[01m[Krmw_publisher_t[m[Kâ€™?
   16 |   [01;31m[Kpublisher_[m[K = this->create_publisher<std_msgs::msg::Float64MultiArray>(
      |   [01;31m[K^~~~~~~~~~[m[K
      |   [32m[Krmw_publisher_t[m[K
[01m[K/home/telemaque/Robotics_Lab/ros2_ws/src/armando_control/src/joint_position_publisher.cpp:19:3:[m[K [01;31m[Kerror: [m[Kâ€˜[01m[Ktimer_[m[Kâ€™ was not declared in this scope; did you mean â€˜[01m[Ktimer_t[m[Kâ€™?
   19 |   [01;31m[Ktimer_[m[K = this->create_wall_timer(
      |   [01;31m[K^~~~~~[m[K
      |   [32m[Ktimer_t[m[K
[01m[K/home/telemaque/Robotics_Lab/ros2_ws/src/armando_control/src/joint_position_publisher.cpp:20:48:[m[K [01;31m[Kerror: [m[Kâ€˜[01m[Ktimer_callback[m[Kâ€™ is not a member of â€˜[01m[KJointPositionPublisher[m[Kâ€™
   20 |     2000ms, std::bind(&JointPositionPublisher::[01;31m[Ktimer_callback[m[K, this));
      |                                                [01;31m[K^~~~~~~~~~~~~~[m[K
[01m[K/home/telemaque/Robotics_Lab/ros2_ws/src/armando_control/src/joint_position_publisher.cpp:[m[K At global scope:
[01m[K/home/telemaque/Robotics_Lab/ros2_ws/src/armando_control/src/joint_position_publisher.cpp:45:6:[m[K [01;31m[Kerror: [m[Kno declaration matches â€˜[01m[Kvoid JointPositionPublisher::timer_callback()[m[Kâ€™
   45 | void [01;31m[KJointPositionPublisher[m[K::timer_callback()
      |      [01;31m[K^~~~~~~~~~~~~~~~~~~~~~[m[K
[01m[K/home/telemaque/Robotics_Lab/ros2_ws/src/armando_control/src/joint_position_publisher.cpp:45:6:[m[K [01;36m[Knote: [m[Kno functions named â€˜[01m[Kvoid JointPositionPublisher::timer_callback()[m[Kâ€™
In file included from [01m[K/home/telemaque/Robotics_Lab/ros2_ws/src/armando_control/src/joint_position_publisher.cpp:8[m[K:
[01m[K/home/telemaque/Robotics_Lab/ros2_ws/src/armando_control/include/armando_control/joint_position_publisher.hpp:7:7:[m[K [01;36m[Knote: [m[Kâ€˜[01m[Kclass JointPositionPublisher[m[Kâ€™ defined here
    7 | class [01;36m[KJointPositionPublisher[m[K : public rclcpp::Node
      |       [01;36m[K^~~~~~~~~~~~~~~~~~~~~~[m[K
gmake[2]: *** [CMakeFiles/joint_position_publisher.dir/build.make:76 : CMakeFiles/joint_position_publisher.dir/src/joint_position_publisher.cpp.o] Erreur 1
gmake[1]: *** [CMakeFiles/Makefile2:137 : CMakeFiles/joint_position_publisher.dir/all] Erreur 2
gmake: *** [Makefile:146 : all] Erreur 2
