[0.044s] Invoking command in '/home/telemaque/Robotics_Lab/ros2_ws/build/armando_control': CMAKE_PREFIX_PATH=${CMAKE_PREFIX_PATH}:/opt/ros/humble /usr/bin/cmake /home/telemaque/Robotics_Lab/ros2_ws/src/armando_control -DAMENT_CMAKE_SYMLINK_INSTALL=1 -DCMAKE_INSTALL_PREFIX=/home/telemaque/Robotics_Lab/ros2_ws/install/armando_control
[0.183s] -- The C compiler identification is GNU 11.4.0
[0.320s] -- The CXX compiler identification is GNU 11.4.0
[0.338s] -- Detecting C compiler ABI info
[0.503s] -- Detecting C compiler ABI info - done
[0.528s] -- Check for working C compiler: /usr/bin/cc - skipped
[0.529s] -- Detecting C compile features
[0.530s] -- Detecting C compile features - done
[0.541s] -- Detecting CXX compiler ABI info
[0.765s] -- Detecting CXX compiler ABI info - done
[0.788s] -- Check for working CXX compiler: /usr/bin/c++ - skipped
[0.789s] -- Detecting CXX compile features
[0.791s] -- Detecting CXX compile features - done
[0.797s] -- Found ament_cmake: 1.3.12 (/opt/ros/humble/share/ament_cmake/cmake)
[1.212s] -- Found Python3: /usr/bin/python3 (found version "3.10.12") found components: Interpreter 
[1.372s] -- Override CMake install command with custom implementation using symlinks instead of copying resources
[1.444s] -- Found rclcpp: 16.0.15 (/opt/ros/humble/share/rclcpp/cmake)
[1.559s] -- Found rosidl_generator_c: 3.1.7 (/opt/ros/humble/share/rosidl_generator_c/cmake)
[1.572s] -- Found rosidl_adapter: 3.1.7 (/opt/ros/humble/share/rosidl_adapter/cmake)
[1.594s] -- Found rosidl_generator_cpp: 3.1.7 (/opt/ros/humble/share/rosidl_generator_cpp/cmake)
[1.628s] -- Using all available rosidl_typesupport_c: rosidl_typesupport_fastrtps_c;rosidl_typesupport_introspection_c
[1.672s] -- Using all available rosidl_typesupport_cpp: rosidl_typesupport_fastrtps_cpp;rosidl_typesupport_introspection_cpp
[1.795s] -- Found rmw_implementation_cmake: 6.1.2 (/opt/ros/humble/share/rmw_implementation_cmake/cmake)
[1.802s] -- Found rmw_fastrtps_cpp: 6.2.9 (/opt/ros/humble/share/rmw_fastrtps_cpp/cmake)
[2.039s] -- Found OpenSSL: /usr/lib/x86_64-linux-gnu/libcrypto.so (found version "3.0.2")  
[2.110s] -- Found FastRTPS: /opt/ros/humble/include  
[2.219s] -- Using RMW implementation 'rmw_fastrtps_cpp' as default
[2.243s] -- Looking for pthread.h
[2.427s] -- Looking for pthread.h - found
[2.428s] -- Performing Test CMAKE_HAVE_LIBC_PTHREAD
[2.639s] -- Performing Test CMAKE_HAVE_LIBC_PTHREAD - Success
[2.640s] -- Found Threads: TRUE  
[2.783s] -- Found sensor_msgs: 4.9.0 (/opt/ros/humble/share/sensor_msgs/cmake)
[3.018s] -- Configuring done
[3.042s] -- Generating done
[3.054s] -- Build files have been written to: /home/telemaque/Robotics_Lab/ros2_ws/build/armando_control
[3.079s] Invoked command in '/home/telemaque/Robotics_Lab/ros2_ws/build/armando_control' returned '0': CMAKE_PREFIX_PATH=${CMAKE_PREFIX_PATH}:/opt/ros/humble /usr/bin/cmake /home/telemaque/Robotics_Lab/ros2_ws/src/armando_control -DAMENT_CMAKE_SYMLINK_INSTALL=1 -DCMAKE_INSTALL_PREFIX=/home/telemaque/Robotics_Lab/ros2_ws/install/armando_control
[3.084s] Invoking command in '/home/telemaque/Robotics_Lab/ros2_ws/build/armando_control': CMAKE_PREFIX_PATH=${CMAKE_PREFIX_PATH}:/opt/ros/humble /usr/bin/cmake --build /home/telemaque/Robotics_Lab/ros2_ws/build/armando_control -- -j12 -l12
[3.215s] [ 50%] [32mBuilding CXX object CMakeFiles/joint_position_publisher.dir/src/joint_position_publisher.cpp.o[0m
[3.661s] In file included from [01m[K/home/telemaque/Robotics_Lab/ros2_ws/src/armando_control/src/joint_position_publisher.cpp:8[m[K:
[3.662s] [01m[K/home/telemaque/Robotics_Lab/ros2_ws/src/armando_control/include/armando_control/joint_position_publisher.hpp:2:[m[K [01;31m[Kerror: [m[Kunterminated #ifndef
[3.662s]     2 | #ifndef ARMANDO_CONTROL__JOINT_POSITION_PUBLISHER_HPP_
[3.662s]       | 
[11.159s] [01m[K/home/telemaque/Robotics_Lab/ros2_ws/src/armando_control/src/joint_position_publisher.cpp:[m[K In constructor â€˜[01m[KJointPositionPublisher::JointPositionPublisher()[m[Kâ€™:
[11.159s] [01m[K/home/telemaque/Robotics_Lab/ros2_ws/src/armando_control/src/joint_position_publisher.cpp:14:39:[m[K [01;31m[Kerror: [m[Kclass â€˜[01m[KJointPositionPublisher[m[Kâ€™ does not have any field named â€˜[01m[Kcount_[m[Kâ€™
[11.160s]    14 |   : Node("joint_position_publisher"), [01;31m[Kcount_[m[K(0)
[11.160s]       |                                       [01;31m[K^~~~~~[m[K
[11.185s] [01m[K/home/telemaque/Robotics_Lab/ros2_ws/src/armando_control/src/joint_position_publisher.cpp:16:3:[m[K [01;31m[Kerror: [m[Kâ€˜[01m[Kpublisher_[m[Kâ€™ was not declared in this scope; did you mean â€˜[01m[Krmw_publisher_t[m[Kâ€™?
[11.185s]    16 |   [01;31m[Kpublisher_[m[K = this->create_publisher<std_msgs::msg::Float64MultiArray>(
[11.186s]       |   [01;31m[K^~~~~~~~~~[m[K
[11.186s]       |   [32m[Krmw_publisher_t[m[K
[11.225s] [01m[K/home/telemaque/Robotics_Lab/ros2_ws/src/armando_control/src/joint_position_publisher.cpp:19:3:[m[K [01;31m[Kerror: [m[Kâ€˜[01m[Ktimer_[m[Kâ€™ was not declared in this scope; did you mean â€˜[01m[Ktimer_t[m[Kâ€™?
[11.225s]    19 |   [01;31m[Ktimer_[m[K = this->create_wall_timer(
[11.225s]       |   [01;31m[K^~~~~~[m[K
[11.226s]       |   [32m[Ktimer_t[m[K
[11.226s] [01m[K/home/telemaque/Robotics_Lab/ros2_ws/src/armando_control/src/joint_position_publisher.cpp:20:48:[m[K [01;31m[Kerror: [m[Kâ€˜[01m[Ktimer_callback[m[Kâ€™ is not a member of â€˜[01m[KJointPositionPublisher[m[Kâ€™
[11.226s]    20 |     2000ms, std::bind(&JointPositionPublisher::[01;31m[Ktimer_callback[m[K, this));
[11.227s]       |                                                [01;31m[K^~~~~~~~~~~~~~[m[K
[11.267s] [01m[K/home/telemaque/Robotics_Lab/ros2_ws/src/armando_control/src/joint_position_publisher.cpp:[m[K At global scope:
[11.267s] [01m[K/home/telemaque/Robotics_Lab/ros2_ws/src/armando_control/src/joint_position_publisher.cpp:45:6:[m[K [01;31m[Kerror: [m[Kno declaration matches â€˜[01m[Kvoid JointPositionPublisher::timer_callback()[m[Kâ€™
[11.267s]    45 | void [01;31m[KJointPositionPublisher[m[K::timer_callback()
[11.267s]       |      [01;31m[K^~~~~~~~~~~~~~~~~~~~~~[m[K
[11.268s] [01m[K/home/telemaque/Robotics_Lab/ros2_ws/src/armando_control/src/joint_position_publisher.cpp:45:6:[m[K [01;36m[Knote: [m[Kno functions named â€˜[01m[Kvoid JointPositionPublisher::timer_callback()[m[Kâ€™
[11.268s] In file included from [01m[K/home/telemaque/Robotics_Lab/ros2_ws/src/armando_control/src/joint_position_publisher.cpp:8[m[K:
[11.268s] [01m[K/home/telemaque/Robotics_Lab/ros2_ws/src/armando_control/include/armando_control/joint_position_publisher.hpp:7:7:[m[K [01;36m[Knote: [m[Kâ€˜[01m[Kclass JointPositionPublisher[m[Kâ€™ defined here
[11.268s]     7 | class [01;36m[KJointPositionPublisher[m[K : public rclcpp::Node
[11.268s]       |       [01;36m[K^~~~~~~~~~~~~~~~~~~~~~[m[K
[20.550s] gmake[2]: *** [CMakeFiles/joint_position_publisher.dir/build.make:76 : CMakeFiles/joint_position_publisher.dir/src/joint_position_publisher.cpp.o] Erreur 1
[20.550s] gmake[1]: *** [CMakeFiles/Makefile2:137 : CMakeFiles/joint_position_publisher.dir/all] Erreur 2
[20.551s] gmake: *** [Makefile:146 : all] Erreur 2
[20.558s] Invoked command in '/home/telemaque/Robotics_Lab/ros2_ws/build/armando_control' returned '2': CMAKE_PREFIX_PATH=${CMAKE_PREFIX_PATH}:/opt/ros/humble /usr/bin/cmake --build /home/telemaque/Robotics_Lab/ros2_ws/build/armando_control -- -j12 -l12
