[0.017s] Invoking command in '/home/telemaque/Robotics_Lab/ros2_ws/build/ros2_kdl_package': CMAKE_PREFIX_PATH=${CMAKE_PREFIX_PATH}:/opt/ros/humble /usr/bin/cmake /home/telemaque/Robotics_Lab/ros2_ws/src/ros2_kdl_package -DCMAKE_INSTALL_PREFIX=/home/telemaque/Robotics_Lab/ros2_ws/install/ros2_kdl_package
[0.037s] -- Found ament_cmake: 1.3.12 (/opt/ros/humble/share/ament_cmake/cmake)
[0.284s] -- Override CMake install command with custom implementation using symlinks instead of copying resources
[0.299s] -- Found urdf: 2.6.1 (/opt/ros/humble/share/urdf/cmake)
[0.359s] -- Found kdl_parser: 2.6.4 (/opt/ros/humble/share/kdl_parser/cmake)
[0.362s] -- Found eigen3_cmake_module: 0.1.1 (/opt/ros/humble/share/eigen3_cmake_module/cmake)
[0.366s] -- Ensuring Eigen3 include directory is part of orocos-kdl CMake target
[0.368s] -- Found sensor_msgs: 4.9.0 (/opt/ros/humble/share/sensor_msgs/cmake)
[0.397s] -- Found rosidl_generator_c: 3.1.7 (/opt/ros/humble/share/rosidl_generator_c/cmake)
[0.401s] -- Found rosidl_adapter: 3.1.7 (/opt/ros/humble/share/rosidl_adapter/cmake)
[0.414s] -- Found rosidl_generator_cpp: 3.1.7 (/opt/ros/humble/share/rosidl_generator_cpp/cmake)
[0.435s] -- Using all available rosidl_typesupport_c: rosidl_typesupport_fastrtps_c;rosidl_typesupport_introspection_c
[0.458s] -- Using all available rosidl_typesupport_cpp: rosidl_typesupport_fastrtps_cpp;rosidl_typesupport_introspection_cpp
[0.554s] -- Found rclcpp: 16.0.15 (/opt/ros/humble/share/rclcpp/cmake)
[0.585s] -- Found rmw_implementation_cmake: 6.1.2 (/opt/ros/humble/share/rmw_implementation_cmake/cmake)
[0.587s] -- Found rmw_fastrtps_cpp: 6.2.9 (/opt/ros/humble/share/rmw_fastrtps_cpp/cmake)
[0.608s] -- Found TinyXML2 via Config file: TinyXML2_DIR-NOTFOUND
[0.621s] -- Found TinyXML2 via Config file: TinyXML2_DIR-NOTFOUND
[0.646s] -- Found TinyXML2 via Config file: TinyXML2_DIR-NOTFOUND
[0.658s] -- Found TinyXML2 via Config file: TinyXML2_DIR-NOTFOUND
[0.674s] -- Using RMW implementation 'rmw_fastrtps_cpp' as default
[0.726s] -- Found ament_lint_auto: 0.12.14 (/opt/ros/humble/share/ament_lint_auto/cmake)
[0.818s] -- Added test 'cppcheck' to perform static code analysis on C / C++ code
[0.819s] -- Configured cppcheck include dirs: $<BUILD_INTERFACE:/home/telemaque/Robotics_Lab/ros2_ws/src/ros2_kdl_package/include>
[0.819s] -- Configured cppcheck exclude dirs and/or files: 
[0.819s] -- Added test 'flake8' to check Python code syntax and style conventions
[0.821s] -- Added test 'lint_cmake' to check CMake code style
[0.822s] -- Added test 'pep257' to check Python code against some of the docstring style conventions in PEP 257
[0.825s] -- Added test 'uncrustify' to check C / C++ code style
[0.826s] -- Configured uncrustify additional arguments: 
[0.826s] -- Added test 'xmllint' to check XML markup files
[0.828s] -- Configuring done
[0.850s] -- Generating done
[0.858s] -- Build files have been written to: /home/telemaque/Robotics_Lab/ros2_ws/build/ros2_kdl_package
[0.873s] Invoked command in '/home/telemaque/Robotics_Lab/ros2_ws/build/ros2_kdl_package' returned '0': CMAKE_PREFIX_PATH=${CMAKE_PREFIX_PATH}:/opt/ros/humble /usr/bin/cmake /home/telemaque/Robotics_Lab/ros2_ws/src/ros2_kdl_package -DCMAKE_INSTALL_PREFIX=/home/telemaque/Robotics_Lab/ros2_ws/install/ros2_kdl_package
[0.876s] Invoking command in '/home/telemaque/Robotics_Lab/ros2_ws/build/ros2_kdl_package': CMAKE_PREFIX_PATH=${CMAKE_PREFIX_PATH}:/opt/ros/humble /usr/bin/cmake --build /home/telemaque/Robotics_Lab/ros2_ws/build/ros2_kdl_package -- -j12 -l12
[0.938s] [35m[1mConsolidate compiler generated dependencies of target ros2_kdl_node_example[0m
[0.938s] [35m[1mConsolidate compiler generated dependencies of target ros2_kdl_node[0m
[0.969s] [ 28%] Built target ros2_kdl_node_example
[0.985s] [ 42%] [32mBuilding CXX object CMakeFiles/ros2_kdl_node.dir/src/ros2_kdl_node.cpp.o[0m
[6.858s] [01m[K/home/telemaque/Robotics_Lab/ros2_ws/src/ros2_kdl_package/src/ros2_kdl_node.cpp:[m[K In constructor â€˜[01m[KIiwa_pub_sub::Iiwa_pub_sub()[m[Kâ€™:
[6.858s] [01m[K/home/telemaque/Robotics_Lab/ros2_ws/src/ros2_kdl_package/src/ros2_kdl_node.cpp:108:13:[m[K [01;31m[Kerror: [m[Kâ€˜[01m[Ktraj_duration_[m[Kâ€™ was not declared in this scope; did you mean â€˜[01m[Krmw_duration_t[m[Kâ€™?
[6.858s]   108 |             [01;31m[Ktraj_duration_[m[K = this->get_parameter("traj_duration").as_double();
[6.858s]       |             [01;31m[K^~~~~~~~~~~~~~[m[K
[6.858s]       |             [32m[Krmw_duration_t[m[K
[6.868s] [01m[K/home/telemaque/Robotics_Lab/ros2_ws/src/ros2_kdl_package/src/ros2_kdl_node.cpp:109:13:[m[K [01;31m[Kerror: [m[Kâ€˜[01m[Kacc_duration_[m[Kâ€™ was not declared in this scope; did you mean â€˜[01m[Krcl_duration_t[m[Kâ€™?
[6.868s]   109 |             [01;31m[Kacc_duration_[m[K = this->get_parameter("acc_duration").as_double();
[6.868s]       |             [01;31m[K^~~~~~~~~~~~~[m[K
[6.868s]       |             [32m[Krcl_duration_t[m[K
[6.879s] [01m[K/home/telemaque/Robotics_Lab/ros2_ws/src/ros2_kdl_package/src/ros2_kdl_node.cpp:110:13:[m[K [01;31m[Kerror: [m[Kâ€˜[01m[Ktotal_time_[m[Kâ€™ was not declared in this scope
[6.879s]   110 |             [01;31m[Ktotal_time_[m[K = this->get_parameter("total_time").as_double();
[6.879s]       |             [01;31m[K^~~~~~~~~~~[m[K
[6.892s] [01m[K/home/telemaque/Robotics_Lab/ros2_ws/src/ros2_kdl_package/src/ros2_kdl_node.cpp:111:13:[m[K [01;31m[Kerror: [m[Kâ€˜[01m[Ktrajectory_len_[m[Kâ€™ was not declared in this scope; did you mean â€˜[01m[Ktrajectory_point[m[Kâ€™?
[6.892s]   111 |             [01;31m[Ktrajectory_len_[m[K = this->get_parameter("trajectory_len").as_int();
[6.892s]       |             [01;31m[K^~~~~~~~~~~~~~~[m[K
[6.892s]       |             [32m[Ktrajectory_point[m[K
[6.899s] [01m[K/home/telemaque/Robotics_Lab/ros2_ws/src/ros2_kdl_package/src/ros2_kdl_node.cpp:112:13:[m[K [01;31m[Kerror: [m[Kâ€˜[01m[KKp_[m[Kâ€™ was not declared in this scope; did you mean â€˜[01m[Kp_[m[Kâ€™?
[6.899s]   112 |             [01;31m[KKp_[m[K = this->get_parameter("Kp").as_double();
[6.900s]       |             [01;31m[K^~~[m[K
[6.900s]       |             [32m[Kp_[m[K
[6.913s] [01m[K/home/telemaque/Robotics_Lab/ros2_ws/src/ros2_kdl_package/src/ros2_kdl_node.cpp:114:13:[m[K [01;31m[Kerror: [m[Kâ€˜[01m[Kend_position_[m[Kâ€™ was not declared in this scope; did you mean â€˜[01m[Kjoint_positions_[m[Kâ€™?
[6.913s]   114 |             [01;31m[Kend_position_[m[K(0) = this->get_parameter("end_position_x").as_double();
[6.913s]       |             [01;31m[K^~~~~~~~~~~~~[m[K
[6.913s]       |             [32m[Kjoint_positions_[m[K
[39.529s] gmake[2]: *** [CMakeFiles/ros2_kdl_node.dir/build.make:76 : CMakeFiles/ros2_kdl_node.dir/src/ros2_kdl_node.cpp.o] Erreur 1
[39.530s] gmake[1]: *** [CMakeFiles/Makefile2:139 : CMakeFiles/ros2_kdl_node.dir/all] Erreur 2
[39.530s] gmake: *** [Makefile:146 : all] Erreur 2
[39.534s] Invoked command in '/home/telemaque/Robotics_Lab/ros2_ws/build/ros2_kdl_package' returned '2': CMAKE_PREFIX_PATH=${CMAKE_PREFIX_PATH}:/opt/ros/humble /usr/bin/cmake --build /home/telemaque/Robotics_Lab/ros2_ws/build/ros2_kdl_package -- -j12 -l12
