[0.042s] Invoking command in '/home/telemaque/Robotics_Lab/ros2_ws/build/impedance_controller': CMAKE_PREFIX_PATH=${CMAKE_PREFIX_PATH}:/opt/ros/humble /usr/bin/cmake /home/telemaque/Robotics_Lab/ros2_ws/src/ros2_iiwa/iiwa_controllers/impedance_controller -DAMENT_CMAKE_SYMLINK_INSTALL=1 -DCMAKE_INSTALL_PREFIX=/home/telemaque/Robotics_Lab/ros2_ws/install/impedance_controller
[0.184s] -- The C compiler identification is GNU 11.4.0
[0.352s] -- The CXX compiler identification is GNU 11.4.0
[0.371s] -- Detecting C compiler ABI info
[0.550s] -- Detecting C compiler ABI info - done
[0.573s] -- Check for working C compiler: /usr/bin/cc - skipped
[0.574s] -- Detecting C compile features
[0.575s] -- Detecting C compile features - done
[0.584s] -- Detecting CXX compiler ABI info
[0.799s] -- Detecting CXX compiler ABI info - done
[0.824s] -- Check for working CXX compiler: /usr/bin/c++ - skipped
[0.825s] -- Detecting CXX compile features
[0.826s] -- Detecting CXX compile features - done
[0.831s] -- Found ament_cmake: 1.3.12 (/opt/ros/humble/share/ament_cmake/cmake)
[1.248s] -- Found Python3: /usr/bin/python3 (found version "3.10.12") found components: Interpreter 
[1.408s] -- Override CMake install command with custom implementation using symlinks instead of copying resources
[1.473s] -- Found controller_interface: 2.52.0 (/opt/ros/humble/share/controller_interface/cmake)
[1.562s] -- Found rosidl_generator_c: 3.1.7 (/opt/ros/humble/share/rosidl_generator_c/cmake)
[1.571s] -- Found rosidl_adapter: 3.1.7 (/opt/ros/humble/share/rosidl_adapter/cmake)
[1.589s] -- Found rosidl_generator_cpp: 3.1.7 (/opt/ros/humble/share/rosidl_generator_cpp/cmake)
[1.615s] -- Using all available rosidl_typesupport_c: rosidl_typesupport_fastrtps_c;rosidl_typesupport_introspection_c
[1.649s] -- Using all available rosidl_typesupport_cpp: rosidl_typesupport_fastrtps_cpp;rosidl_typesupport_introspection_cpp
[2.204s] -- Found rmw_implementation_cmake: 6.1.2 (/opt/ros/humble/share/rmw_implementation_cmake/cmake)
[2.212s] -- Found rmw_fastrtps_cpp: 6.2.9 (/opt/ros/humble/share/rmw_fastrtps_cpp/cmake)
[2.287s] -- Found TinyXML2 via Config file: TinyXML2_DIR-NOTFOUND
[2.432s] -- Found OpenSSL: /usr/lib/x86_64-linux-gnu/libcrypto.so (found version "3.0.2")  
[2.440s] -- Found TinyXML2 via Config file: TinyXML2_DIR-NOTFOUND
[2.485s] -- Found FastRTPS: /opt/ros/humble/include  
[2.494s] -- Found TinyXML2 via Config file: TinyXML2_DIR-NOTFOUND
[2.522s] -- Found TinyXML2 via Config file: TinyXML2_DIR-NOTFOUND
[2.555s] -- Using RMW implementation 'rmw_fastrtps_cpp' as default
[2.583s] -- Looking for pthread.h
[2.769s] -- Looking for pthread.h - found
[2.770s] -- Performing Test CMAKE_HAVE_LIBC_PTHREAD
[2.941s] -- Performing Test CMAKE_HAVE_LIBC_PTHREAD - Success
[2.944s] -- Found Threads: TRUE  
[3.057s] -- Found realtime_tools: 2.14.1 (/opt/ros/humble/share/realtime_tools/cmake)
[3.101s] -- Found ament_cmake_gtest: 1.3.12 (/opt/ros/humble/share/ament_cmake_gtest/cmake)
[3.104s] -- Found ament_lint_auto: 0.12.14 (/opt/ros/humble/share/ament_lint_auto/cmake)
[3.276s] -- Configuring done
[3.312s] -- Generating done
[3.326s] -- Build files have been written to: /home/telemaque/Robotics_Lab/ros2_ws/build/impedance_controller
[3.355s] Invoked command in '/home/telemaque/Robotics_Lab/ros2_ws/build/impedance_controller' returned '0': CMAKE_PREFIX_PATH=${CMAKE_PREFIX_PATH}:/opt/ros/humble /usr/bin/cmake /home/telemaque/Robotics_Lab/ros2_ws/src/ros2_iiwa/iiwa_controllers/impedance_controller -DAMENT_CMAKE_SYMLINK_INSTALL=1 -DCMAKE_INSTALL_PREFIX=/home/telemaque/Robotics_Lab/ros2_ws/install/impedance_controller
[3.360s] Invoking command in '/home/telemaque/Robotics_Lab/ros2_ws/build/impedance_controller': CMAKE_PREFIX_PATH=${CMAKE_PREFIX_PATH}:/opt/ros/humble /usr/bin/cmake --build /home/telemaque/Robotics_Lab/ros2_ws/build/impedance_controller -- -j12 -l12
[3.490s] [ 50%] [32mBuilding CXX object CMakeFiles/impedance_controller.dir/src/impedance_controller.cpp.o[0m
[13.488s] In file included from [01m[K/home/telemaque/Robotics_Lab/ros2_ws/src/ros2_iiwa/iiwa_controllers/impedance_controller/include/impedance_controller/impedance_controller.hpp:27[m[K,
[13.488s]                  from [01m[K/home/telemaque/Robotics_Lab/ros2_ws/src/ros2_iiwa/iiwa_controllers/impedance_controller/src/impedance_controller.cpp:15[m[K:
[13.489s] [01m[K/opt/ros/humble/include/realtime_tools/realtime_tools/realtime_buffer.h:22:100:[m[K [01;36m[Knote: [m[Kâ€˜[01m[K#pragma message: This header include is deprecated. Please update your code to use 'realtime_buffer.hpp' header.[m[Kâ€™
[13.489s]    22 | lease update your code to use 'realtime_buffer.hpp' header."[01;36m[K)[m[K  //NOLINT
[13.489s]       |                                                             [01;36m[K^[m[K
[13.489s] 
[26.591s] gmake[2]: *** [CMakeFiles/impedance_controller.dir/build.make:76: CMakeFiles/impedance_controller.dir/src/impedance_controller.cpp.o] Interrompre
[26.592s] gmake[1]: *** [CMakeFiles/Makefile2:137: CMakeFiles/impedance_controller.dir/all] Interrompre
[26.593s] gmake: *** [Makefile:146: all] Interrompre
