[0.048s] Invoking command in '/home/telemaque/Robotics_Lab/ros2_ws/build/ros2_kdl_package': CMAKE_PREFIX_PATH=${CMAKE_PREFIX_PATH}:/opt/ros/humble /usr/bin/cmake /home/telemaque/Robotics_Lab/ros2_ws/src/ros2_kdl_package -DAMENT_CMAKE_SYMLINK_INSTALL=1 -DCMAKE_INSTALL_PREFIX=/home/telemaque/Robotics_Lab/ros2_ws/install/ros2_kdl_package
[0.184s] -- The C compiler identification is GNU 11.4.0
[0.348s] -- The CXX compiler identification is GNU 11.4.0
[0.367s] -- Detecting C compiler ABI info
[0.545s] -- Detecting C compiler ABI info - done
[0.562s] -- Check for working C compiler: /usr/bin/cc - skipped
[0.563s] -- Detecting C compile features
[0.564s] -- Detecting C compile features - done
[0.572s] -- Detecting CXX compiler ABI info
[0.780s] -- Detecting CXX compiler ABI info - done
[0.806s] -- Check for working CXX compiler: /usr/bin/c++ - skipped
[0.806s] -- Detecting CXX compile features
[0.808s] -- Detecting CXX compile features - done
[0.814s] -- Found ament_cmake: 1.3.12 (/opt/ros/humble/share/ament_cmake/cmake)
[1.281s] -- Found Python3: /usr/bin/python3 (found version "3.10.12") found components: Interpreter 
[1.456s] -- Override CMake install command with custom implementation using symlinks instead of copying resources
[1.531s] -- Found urdf: 2.6.1 (/opt/ros/humble/share/urdf/cmake)
[1.664s] -- Found kdl_parser: 2.6.4 (/opt/ros/humble/share/kdl_parser/cmake)
[1.676s] -- Found eigen3_cmake_module: 0.1.1 (/opt/ros/humble/share/eigen3_cmake_module/cmake)
[1.680s] -- Found Eigen3: TRUE (found version "3.4.0") 
[1.680s] -- Ensuring Eigen3 include directory is part of orocos-kdl CMake target
[1.685s] -- Found sensor_msgs: 4.9.0 (/opt/ros/humble/share/sensor_msgs/cmake)
[1.747s] -- Found rosidl_generator_c: 3.1.7 (/opt/ros/humble/share/rosidl_generator_c/cmake)
[1.761s] -- Found rosidl_adapter: 3.1.7 (/opt/ros/humble/share/rosidl_adapter/cmake)
[1.784s] -- Found rosidl_generator_cpp: 3.1.7 (/opt/ros/humble/share/rosidl_generator_cpp/cmake)
[1.820s] -- Using all available rosidl_typesupport_c: rosidl_typesupport_fastrtps_c;rosidl_typesupport_introspection_c
[1.859s] -- Using all available rosidl_typesupport_cpp: rosidl_typesupport_fastrtps_cpp;rosidl_typesupport_introspection_cpp
[2.059s] -- Found rclcpp: 16.0.15 (/opt/ros/humble/share/rclcpp/cmake)
[2.166s] -- Found rmw_implementation_cmake: 6.1.2 (/opt/ros/humble/share/rmw_implementation_cmake/cmake)
[2.174s] -- Found rmw_fastrtps_cpp: 6.2.9 (/opt/ros/humble/share/rmw_fastrtps_cpp/cmake)
[2.251s] -- Found TinyXML2 via Config file: TinyXML2_DIR-NOTFOUND
[2.392s] -- Found OpenSSL: /usr/lib/x86_64-linux-gnu/libcrypto.so (found version "3.0.2")  
[2.400s] -- Found TinyXML2 via Config file: TinyXML2_DIR-NOTFOUND
[2.449s] -- Found FastRTPS: /opt/ros/humble/include  
[2.459s] -- Found TinyXML2 via Config file: TinyXML2_DIR-NOTFOUND
[2.483s] -- Found TinyXML2 via Config file: TinyXML2_DIR-NOTFOUND
[2.515s] -- Using RMW implementation 'rmw_fastrtps_cpp' as default
[2.544s] -- Looking for pthread.h
[2.754s] -- Looking for pthread.h - found
[2.755s] -- Performing Test CMAKE_HAVE_LIBC_PTHREAD
[2.951s] -- Performing Test CMAKE_HAVE_LIBC_PTHREAD - Success
[2.954s] -- Found Threads: TRUE  
[3.061s] -- Found ament_lint_auto: 0.12.14 (/opt/ros/humble/share/ament_lint_auto/cmake)
[3.308s] -- Added test 'cppcheck' to perform static code analysis on C / C++ code
[3.309s] -- Configured cppcheck include dirs: $<BUILD_INTERFACE:/home/telemaque/Robotics_Lab/ros2_ws/src/ros2_kdl_package/include>
[3.309s] -- Configured cppcheck exclude dirs and/or files: 
[3.313s] -- Added test 'lint_cmake' to check CMake code style
[3.322s] -- Added test 'uncrustify' to check C / C++ code style
[3.322s] -- Configured uncrustify additional arguments: 
[3.325s] -- Added test 'xmllint' to check XML markup files
[3.330s] -- Configuring done
[3.373s] -- Generating done
[3.385s] -- Build files have been written to: /home/telemaque/Robotics_Lab/ros2_ws/build/ros2_kdl_package
[3.427s] Invoked command in '/home/telemaque/Robotics_Lab/ros2_ws/build/ros2_kdl_package' returned '0': CMAKE_PREFIX_PATH=${CMAKE_PREFIX_PATH}:/opt/ros/humble /usr/bin/cmake /home/telemaque/Robotics_Lab/ros2_ws/src/ros2_kdl_package -DAMENT_CMAKE_SYMLINK_INSTALL=1 -DCMAKE_INSTALL_PREFIX=/home/telemaque/Robotics_Lab/ros2_ws/install/ros2_kdl_package
[3.430s] Invoking command in '/home/telemaque/Robotics_Lab/ros2_ws/build/ros2_kdl_package': CMAKE_PREFIX_PATH=${CMAKE_PREFIX_PATH}:/opt/ros/humble /usr/bin/cmake --build /home/telemaque/Robotics_Lab/ros2_ws/build/ros2_kdl_package -- -j12 -l12
[3.567s] [ 28%] [32mBuilding CXX object CMakeFiles/ros2_kdl_node.dir/src/kdl_robot.cpp.o[0m
[3.567s] [ 28%] [32mBuilding CXX object CMakeFiles/ros2_kdl_node.dir/src/kdl_planner.cpp.o[0m
[3.568s] [ 42%] [32mBuilding CXX object CMakeFiles/ros2_kdl_node.dir/src/kdl_control.cpp.o[0m
[3.569s] [ 71%] [32mBuilding CXX object CMakeFiles/ros2_kdl_node.dir/src/ros2_kdl_node.cpp.o[0m
[3.569s] [ 71%] [32mBuilding CXX object CMakeFiles/ros2_kdl_node_example.dir/src/ros2_kdl_node_example.cpp.o[0m
[8.639s] [01m[K/home/telemaque/Robotics_Lab/ros2_ws/src/ros2_kdl_package/src/kdl_control.cpp:[m[K In member function â€˜[01m[KEigen::VectorXd KDLController::idCntr(KDL::Frame&, KDL::Twist&, KDL::Twist&, double, double, double, double)[m[Kâ€™:
[8.639s] [01m[K/home/telemaque/Robotics_Lab/ros2_ws/src/ros2_kdl_package/src/kdl_control.cpp:33:1:[m[K [01;35m[Kwarning: [m[Kno return statement in function returning non-void [[01;35m[K]8;;https://gcc.gnu.org/onlinedocs/gcc/Warning-Options.html#index-Wreturn-type-Wreturn-type]8;;[m[K]
[8.640s]    33 | [01;35m[K}[m[K
[8.640s]       | [01;35m[K^[m[K
[8.640s] [01m[K/home/telemaque/Robotics_Lab/ros2_ws/src/ros2_kdl_package/src/kdl_control.cpp:26:51:[m[K [01;35m[Kwarning: [m[Kunused parameter â€˜[01m[K_desPos[m[Kâ€™ [[01;35m[K]8;;https://gcc.gnu.org/onlinedocs/gcc/Warning-Options.html#index-Wunused-parameter-Wunused-parameter]8;;[m[K]
[8.640s]    26 | Eigen::VectorXd KDLController::idCntr([01;35m[KKDL::Frame &_desPos[m[K,
[8.641s]       |                                       [01;35m[K~~~~~~~~~~~~^~~~~~~[m[K
[8.641s] [01m[K/home/telemaque/Robotics_Lab/ros2_ws/src/ros2_kdl_package/src/kdl_control.cpp:27:51:[m[K [01;35m[Kwarning: [m[Kunused parameter â€˜[01m[K_desVel[m[Kâ€™ [[01;35m[K]8;;https://gcc.gnu.org/onlinedocs/gcc/Warning-Options.html#index-Wunused-parameter-Wunused-parameter]8;;[m[K]
[8.641s]    27 |                                       [01;35m[KKDL::Twist &_desVel[m[K,
[8.641s]       |                                       [01;35m[K~~~~~~~~~~~~^~~~~~~[m[K
[8.642s] [01m[K/home/telemaque/Robotics_Lab/ros2_ws/src/ros2_kdl_package/src/kdl_control.cpp:28:51:[m[K [01;35m[Kwarning: [m[Kunused parameter â€˜[01m[K_desAcc[m[Kâ€™ [[01;35m[K]8;;https://gcc.gnu.org/onlinedocs/gcc/Warning-Options.html#index-Wunused-parameter-Wunused-parameter]8;;[m[K]
[8.642s]    28 |                                       [01;35m[KKDL::Twist &_desAcc[m[K,
[8.642s]       |                                       [01;35m[K~~~~~~~~~~~~^~~~~~~[m[K
[8.642s] [01m[K/home/telemaque/Robotics_Lab/ros2_ws/src/ros2_kdl_package/src/kdl_control.cpp:29:46:[m[K [01;35m[Kwarning: [m[Kunused parameter â€˜[01m[K_Kpp[m[Kâ€™ [[01;35m[K]8;;https://gcc.gnu.org/onlinedocs/gcc/Warning-Options.html#index-Wunused-parameter-Wunused-parameter]8;;[m[K]
[8.642s]    29 |                                       [01;35m[Kdouble _Kpp[m[K, double _Kpo,
[8.643s]       |                                       [01;35m[K~~~~~~~^~~~[m[K
[8.643s] [01m[K/home/telemaque/Robotics_Lab/ros2_ws/src/ros2_kdl_package/src/kdl_control.cpp:29:59:[m[K [01;35m[Kwarning: [m[Kunused parameter â€˜[01m[K_Kpo[m[Kâ€™ [[01;35m[K]8;;https://gcc.gnu.org/onlinedocs/gcc/Warning-Options.html#index-Wunused-parameter-Wunused-parameter]8;;[m[K]
[8.643s]    29 |                                       double _Kpp, [01;35m[Kdouble _Kpo[m[K,
[8.643s]       |                                                    [01;35m[K~~~~~~~^~~~[m[K
[8.644s] [01m[K/home/telemaque/Robotics_Lab/ros2_ws/src/ros2_kdl_package/src/kdl_control.cpp:30:46:[m[K [01;35m[Kwarning: [m[Kunused parameter â€˜[01m[K_Kdp[m[Kâ€™ [[01;35m[K]8;;https://gcc.gnu.org/onlinedocs/gcc/Warning-Options.html#index-Wunused-parameter-Wunused-parameter]8;;[m[K]
[8.644s]    30 |                                       [01;35m[Kdouble _Kdp[m[K, double _Kdo)
[8.644s]       |                                       [01;35m[K~~~~~~~^~~~[m[K
[8.644s] [01m[K/home/telemaque/Robotics_Lab/ros2_ws/src/ros2_kdl_package/src/kdl_control.cpp:30:59:[m[K [01;35m[Kwarning: [m[Kunused parameter â€˜[01m[K_Kdo[m[Kâ€™ [[01;35m[K]8;;https://gcc.gnu.org/onlinedocs/gcc/Warning-Options.html#index-Wunused-parameter-Wunused-parameter]8;;[m[K]
[8.645s]    30 |                                       double _Kdp, [01;35m[Kdouble _Kdo[m[K)
[8.645s]       |                                                    [01;35m[K~~~~~~~^~~~[m[K
[15.274s] [01m[K/home/telemaque/Robotics_Lab/ros2_ws/src/ros2_kdl_package/src/ros2_kdl_node_example.cpp:[m[K In function â€˜[01m[Kint main(int, char**)[m[Kâ€™:
[15.274s] [01m[K/home/telemaque/Robotics_Lab/ros2_ws/src/ros2_kdl_package/src/ros2_kdl_node_example.cpp:51:25:[m[K [01;35m[Kwarning: [m[Kcomparison of constant â€˜[01m[K0[m[Kâ€™ with boolean expression is always true [[01;35m[K]8;;https://gcc.gnu.org/onlinedocs/gcc/Warning-Options.html#index-Wbool-compare-Wbool-compare]8;;[m[K]
[15.274s]    51 |     if([01;35m[Kkinematics_status>=0[m[K){
[15.275s]       |        [01;35m[K~~~~~~~~~~~~~~~~~^~~[m[K
[17.296s] [ 85%] [32m[1mLinking CXX executable ros2_kdl_node_example[0m
[17.769s] [ 85%] Built target ros2_kdl_node_example
[26.586s] gmake[2]: *** [CMakeFiles/ros2_kdl_node.dir/build.make:118: CMakeFiles/ros2_kdl_node.dir/src/kdl_control.cpp.o] Interrompre
[26.586s] gmake[2]: *** [CMakeFiles/ros2_kdl_node.dir/build.make:90: CMakeFiles/ros2_kdl_node.dir/src/kdl_robot.cpp.o] Interrompre
[26.587s] gmake[2]: *** [CMakeFiles/ros2_kdl_node.dir/build.make:76: CMakeFiles/ros2_kdl_node.dir/src/ros2_kdl_node.cpp.o] Interrompre
[26.587s] gmake[1]: *** [CMakeFiles/Makefile2:139: CMakeFiles/ros2_kdl_node.dir/all] Interrompre
[26.588s] gmake: *** [Makefile:146: all] Interrompre
