[0.014s] Invoking command in '/home/telemaque/Robotics_Lab/ros2_ws/build/ros2_kdl_package': CMAKE_PREFIX_PATH=${CMAKE_PREFIX_PATH}:/opt/ros/humble /usr/bin/cmake --build /home/telemaque/Robotics_Lab/ros2_ws/build/ros2_kdl_package -- -j12 -l12
[0.082s] [35m[1mConsolidate compiler generated dependencies of target ros2_kdl_node[0m
[0.104s] [ 28%] Built target ros2_kdl_node_example
[0.121s] [ 42%] [32mBuilding CXX object CMakeFiles/ros2_kdl_node.dir/src/ros2_kdl_node.cpp.o[0m
[4.750s] In file included from [01m[K/home/telemaque/Robotics_Lab/ros2_ws/src/ros2_kdl_package/src/ros2_kdl_node.cpp:24[m[K:
[4.750s] [01m[K/home/telemaque/Robotics_Lab/ros2_ws/src/ros2_kdl_package/include/ros2_kdl_node.hpp:1:1:[m[K [01;31m[Kerror: [m[Kexpected unqualified-id before â€˜[01m[Kprivate[m[Kâ€™
[4.750s]     1 | [01;31m[Kprivate[m[K:
[4.750s]       | [01;31m[K^~~~~~~[m[K
[4.857s] [01m[K/home/telemaque/Robotics_Lab/ros2_ws/src/ros2_kdl_package/src/ros2_kdl_node.cpp:[m[K In constructor â€˜[01m[KIiwa_pub_sub::Iiwa_pub_sub()[m[Kâ€™:
[4.857s] [01m[K/home/telemaque/Robotics_Lab/ros2_ws/src/ros2_kdl_package/src/ros2_kdl_node.cpp:109:13:[m[K [01;31m[Kerror: [m[Kâ€˜[01m[Ktraj_duration_[m[Kâ€™ was not declared in this scope; did you mean â€˜[01m[Krmw_duration_t[m[Kâ€™?
[4.857s]   109 |             [01;31m[Ktraj_duration_[m[K = this->get_parameter("traj_duration").as_double();
[4.857s]       |             [01;31m[K^~~~~~~~~~~~~~[m[K
[4.858s]       |             [32m[Krmw_duration_t[m[K
[35.402s] gmake[2]: *** [CMakeFiles/ros2_kdl_node.dir/build.make:76 : CMakeFiles/ros2_kdl_node.dir/src/ros2_kdl_node.cpp.o] Erreur 1
[35.402s] gmake[1]: *** [CMakeFiles/Makefile2:139 : CMakeFiles/ros2_kdl_node.dir/all] Erreur 2
[35.402s] gmake: *** [Makefile:146 : all] Erreur 2
[35.406s] Invoked command in '/home/telemaque/Robotics_Lab/ros2_ws/build/ros2_kdl_package' returned '2': CMAKE_PREFIX_PATH=${CMAKE_PREFIX_PATH}:/opt/ros/humble /usr/bin/cmake --build /home/telemaque/Robotics_Lab/ros2_ws/build/ros2_kdl_package -- -j12 -l12
